Building DAG of jobs...
Using shell: /usr/bin/bash
Provided cores: 1 (use --cores to define parallelism)
Rules claiming more threads will be scaled down.
Job stats:
job                            count    min threads    max threads
---------------------------  -------  -------------  -------------
all                                1              1              1
get_txSRL_description_Covid        1              1              1
total                              2              1              1

Select jobs to execute...

[Tue Oct  3 20:24:24 2023]
rule get_txSRL_description_Covid:
    input: ../data/covid/derived/sentences/covid_2020-01-23.tsv.txt
    output: ../data/covid/derived/txSRL/covid_2020-01-23.tsv.description
    jobid: 1
    reason: Missing output files: ../data/covid/derived/txSRL/covid_2020-01-23.tsv.description
    wildcards: raw_file=covid_2020-01-23.tsv
    resources: tmpdir=/tmp

[Tue Oct  3 20:24:31 2023]
Error in rule get_txSRL_description_Covid:
    jobid: 1
    output: ../data/covid/derived/txSRL/covid_2020-01-23.tsv.description
    shell:
        /home/zhaowany/anaconda3/envs/incas-srl/bin/python tx-srl/run.py ../data/covid/derived/sentences/covid_2020-01-23.tsv.txt ../data/covid/derived/txSRL/covid_2020-01-23.tsv.description
        (one of the commands exited with non-zero exit code; note that snakemake uses bash strict mode!)

Shutting down, this might take some time.
Exiting because a job execution failed. Look above for error message
Complete log: .snakemake/log/2023-10-03T202424.845514.snakemake.log
