Building DAG of jobs...
Using shell: /usr/bin/bash
Provided cores: 4
Rules claiming more threads will be scaled down.
Job stats:
job                               count    min threads    max threads
------------------------------  -------  -------------  -------------
aggregate_narrative_Covid             2              1              1
all                                   1              1              1
clean_txSRL_Covid                     4              1              1
get_txSRL_description_Covid           4              1              1
narrative_sentBert_embds_Covid        2              1              1
total                                13              1              1

Select jobs to execute...

[Tue Oct  3 23:53:25 2023]
rule get_txSRL_description_Covid:
    input: ../data/covid/derived/sentences/covid_2020-01-21.tsv.txt
    output: ../data/covid/derived/txSRL/covid_2020-01-21.tsv.description
    jobid: 1
    reason: Missing output files: ../data/covid/derived/txSRL/covid_2020-01-21.tsv.description
    wildcards: raw_file=covid_2020-01-21.tsv
    resources: tmpdir=/tmp


[Tue Oct  3 23:53:25 2023]
rule get_txSRL_description_Covid:
    input: ../data/covid/derived/sentences/covid_2020-01-23.tsv.txt
    output: ../data/covid/derived/txSRL/covid_2020-01-23.tsv.description
    jobid: 3
    reason: Missing output files: ../data/covid/derived/txSRL/covid_2020-01-23.tsv.description
    wildcards: raw_file=covid_2020-01-23.tsv
    resources: tmpdir=/tmp


[Tue Oct  3 23:53:25 2023]
rule get_txSRL_description_Covid:
    input: ../data/covid/derived/sentences/covid_2020-01-24.tsv.txt
    output: ../data/covid/derived/txSRL/covid_2020-01-24.tsv.description
    jobid: 4
    reason: Missing output files: ../data/covid/derived/txSRL/covid_2020-01-24.tsv.description
    wildcards: raw_file=covid_2020-01-24.tsv
    resources: tmpdir=/tmp


[Tue Oct  3 23:53:25 2023]
rule get_txSRL_description_Covid:
    input: ../data/covid/derived/sentences/covid_2020-01-22.tsv.txt
    output: ../data/covid/derived/txSRL/covid_2020-01-22.tsv.description
    jobid: 2
    reason: Missing output files: ../data/covid/derived/txSRL/covid_2020-01-22.tsv.description
    wildcards: raw_file=covid_2020-01-22.tsv
    resources: tmpdir=/tmp

[Tue Oct  3 23:53:40 2023]
Finished job 1.
1 of 13 steps (8%) done
Select jobs to execute...

[Tue Oct  3 23:53:40 2023]
rule clean_txSRL_Covid:
    input: ../data/covid/derived/txSRL/covid_2020-01-21.tsv.description
    output: ../data/covid/derived/txSRL/clean/covid_2020-01-21.tsv.description
    jobid: 5
    reason: Missing output files: ../data/covid/derived/txSRL/clean/covid_2020-01-21.tsv.description; Input files updated by another job: ../data/covid/derived/txSRL/covid_2020-01-21.tsv.description
    wildcards: raw_file=covid_2020-01-21.tsv
    resources: tmpdir=/tmp

[Tue Oct  3 23:53:41 2023]
Finished job 5.
2 of 13 steps (15%) done
[Tue Oct  3 23:54:00 2023]
Finished job 2.
3 of 13 steps (23%) done
Select jobs to execute...

[Tue Oct  3 23:54:00 2023]
rule clean_txSRL_Covid:
    input: ../data/covid/derived/txSRL/covid_2020-01-22.tsv.description
    output: ../data/covid/derived/txSRL/clean/covid_2020-01-22.tsv.description
    jobid: 6
    reason: Missing output files: ../data/covid/derived/txSRL/clean/covid_2020-01-22.tsv.description; Input files updated by another job: ../data/covid/derived/txSRL/covid_2020-01-22.tsv.description
    wildcards: raw_file=covid_2020-01-22.tsv
    resources: tmpdir=/tmp

[Tue Oct  3 23:54:00 2023]
Finished job 6.
4 of 13 steps (31%) done
[Tue Oct  3 23:55:36 2023]
Finished job 3.
5 of 13 steps (38%) done
Select jobs to execute...

[Tue Oct  3 23:55:36 2023]
rule clean_txSRL_Covid:
    input: ../data/covid/derived/txSRL/covid_2020-01-23.tsv.description
    output: ../data/covid/derived/txSRL/clean/covid_2020-01-23.tsv.description
    jobid: 7
    reason: Missing output files: ../data/covid/derived/txSRL/clean/covid_2020-01-23.tsv.description; Input files updated by another job: ../data/covid/derived/txSRL/covid_2020-01-23.tsv.description
    wildcards: raw_file=covid_2020-01-23.tsv
    resources: tmpdir=/tmp

[Tue Oct  3 23:55:37 2023]
Finished job 7.
6 of 13 steps (46%) done
