Building DAG of jobs...
Using shell: /usr/bin/bash
Provided cores: 1 (use --cores to define parallelism)
Rules claiming more threads will be scaled down.
Job stats:
job                            count    min threads    max threads
---------------------------  -------  -------------  -------------
all                                1              1              1
get_txSRL_description_Covid        1              1              1
total                              2              1              1

Select jobs to execute...

[Tue Oct  3 23:27:48 2023]
rule get_txSRL_description_Covid:
    input: ../data/covid/derived/sentences/covid_2020-01-23.tsv.txt
    output: ../data/covid/derived/txSRL/covid_2020-01-23.tsv.description
    jobid: 1
    reason: Missing output files: ../data/covid/derived/txSRL/covid_2020-01-23.tsv.description
    wildcards: raw_file=covid_2020-01-23.tsv
    resources: tmpdir=/tmp

[Tue Oct  3 23:29:38 2023]
Finished job 1.
1 of 2 steps (50%) done
Select jobs to execute...

[Tue Oct  3 23:29:38 2023]
localrule all:
    input: ../data/covid/derived/txSRL/covid_2020-01-23.tsv.description
    jobid: 0
    reason: Input files updated by another job: ../data/covid/derived/txSRL/covid_2020-01-23.tsv.description
    resources: tmpdir=/tmp

[Tue Oct  3 23:29:38 2023]
Finished job 0.
2 of 2 steps (100%) done
Complete log: .snakemake/log/2023-10-03T232748.529639.snakemake.log
