Building DAG of jobs...
Using shell: /usr/bin/bash
Provided cores: 4
Rules claiming more threads will be scaled down.
Job stats:
job                               count    min threads    max threads
------------------------------  -------  -------------  -------------
all                                   1              1              1
narrative_sentBert_embds_Covid        2              1              1
total                                 3              1              1

Select jobs to execute...

[Wed Oct  4 00:10:24 2023]
rule narrative_sentBert_embds_Covid:
    input: ../data/covid/derived/txSRL/aggreated_narrative/2020-01-24_to_2020-01-24
    output: ../data/covid/derived/txSRL/sentBert/2020-01-24_to_2020-01-24.embds
    jobid: 12
    reason: Missing output files: ../data/covid/derived/txSRL/sentBert/2020-01-24_to_2020-01-24.embds
    wildcards: time_range=2020-01-24_to_2020-01-24
    resources: tmpdir=/tmp


[Wed Oct  4 00:10:24 2023]
rule narrative_sentBert_embds_Covid:
    input: ../data/covid/derived/txSRL/aggreated_narrative/2020-01-21_to_2020-01-23
    output: ../data/covid/derived/txSRL/sentBert/2020-01-21_to_2020-01-23.embds
    jobid: 11
    reason: Missing output files: ../data/covid/derived/txSRL/sentBert/2020-01-21_to_2020-01-23.embds
    wildcards: time_range=2020-01-21_to_2020-01-23
    resources: tmpdir=/tmp

[Wed Oct  4 00:10:34 2023]
Finished job 11.
1 of 3 steps (33%) done
[Wed Oct  4 00:10:36 2023]
Finished job 12.
2 of 3 steps (67%) done
Select jobs to execute...

[Wed Oct  4 00:10:36 2023]
localrule all:
    input: ../data/covid/derived/txSRL/covid_2020-01-21.tsv.description, ../data/covid/derived/txSRL/covid_2020-01-22.tsv.description, ../data/covid/derived/txSRL/covid_2020-01-23.tsv.description, ../data/covid/derived/txSRL/covid_2020-01-24.tsv.description, ../data/covid/derived/txSRL/clean/covid_2020-01-21.tsv.description, ../data/covid/derived/txSRL/clean/covid_2020-01-22.tsv.description, ../data/covid/derived/txSRL/clean/covid_2020-01-23.tsv.description, ../data/covid/derived/txSRL/clean/covid_2020-01-24.tsv.description, ../data/covid/derived/txSRL/aggreated_narrative/2020-01-21_to_2020-01-23, ../data/covid/derived/txSRL/aggreated_narrative/2020-01-24_to_2020-01-24, ../data/covid/derived/txSRL/sentBert/2020-01-21_to_2020-01-23.embds, ../data/covid/derived/txSRL/sentBert/2020-01-24_to_2020-01-24.embds
    jobid: 0
    reason: Input files updated by another job: ../data/covid/derived/txSRL/sentBert/2020-01-24_to_2020-01-24.embds, ../data/covid/derived/txSRL/sentBert/2020-01-21_to_2020-01-23.embds
    resources: tmpdir=/tmp

[Wed Oct  4 00:10:36 2023]
Finished job 0.
3 of 3 steps (100%) done
Complete log: .snakemake/log/2023-10-04T001024.493080.snakemake.log
