Building DAG of jobs...
Using shell: /usr/bin/bash
Provided cores: 3
Rules claiming more threads will be scaled down.
Job stats:
job                                 count    min threads    max threads
--------------------------------  -------  -------------  -------------
all                                     1              1              1
arg_sentBert_embds_Covid                1              1              1
birch_cluster_arg_Covid                 2              1              1
birch_cluster_narr_Covid                2              1              1
map_narrative_w_gold_label_Covid        2              1              1
narrative_sentBert_embds_Covid          2              1              1
total                                  10              1              1

Select jobs to execute...

[Wed Oct  4 12:35:56 2023]
rule narrative_sentBert_embds_Covid:
    input: ../data/covid/derived/txSRL/aggreated_narrative/2020-01-24_to_2020-01-24
    output: ../data/covid/derived/txSRL/sentBert/narr/2020-01-24_to_2020-01-24.embds
    jobid: 12
    reason: Missing output files: ../data/covid/derived/txSRL/sentBert/narr/2020-01-24_to_2020-01-24.embds
    wildcards: time_range=2020-01-24_to_2020-01-24
    resources: tmpdir=/tmp


[Wed Oct  4 12:35:56 2023]
rule arg_sentBert_embds_Covid:
    input: ../data/covid/derived/txSRL/aggreated_narrative/2020-01-24_to_2020-01-24
    output: ../data/covid/derived/txSRL/sentBert/arg/2020-01-24_to_2020-01-24.embds
    jobid: 14
    reason: Missing output files: ../data/covid/derived/txSRL/sentBert/arg/2020-01-24_to_2020-01-24.embds
    wildcards: time_range=2020-01-24_to_2020-01-24
    resources: tmpdir=/tmp


[Wed Oct  4 12:35:56 2023]
rule birch_cluster_arg_Covid:
    input: ../data/covid/derived/txSRL/sentBert/arg/2020-01-21_to_2020-01-23.embds, ../data/covid/derived/txSRL/aggreated_narrative/2020-01-21_to_2020-01-23
    output: ../data/covid/derived/txSRL/birch/arg/2020-01-21_to_2020-01-23.txt
    jobid: 17
    reason: Missing output files: ../data/covid/derived/txSRL/birch/arg/2020-01-21_to_2020-01-23.txt
    wildcards: time_range=2020-01-21_to_2020-01-23
    resources: tmpdir=/tmp

Waiting at most 5 seconds for missing files.
[Wed Oct  4 12:36:01 2023]
Error in rule narrative_sentBert_embds_Covid:
    jobid: 12
    output: ../data/covid/derived/txSRL/sentBert/narr/2020-01-24_to_2020-01-24.embds
    shell:
        /home/zhaowany/anaconda3/envs/aggregate_narrative/bin/python senBert/get_sentBert_embds_4_narrs.py ../data/covid/derived/txSRL/aggreated_narrative/2020-01-24_to_2020-01-24 ../data/covid/derived/txSRL/sentBert/narr/2020-01-24_to_2020-01-24.embds
        (one of the commands exited with non-zero exit code; note that snakemake uses bash strict mode!)

MissingOutputException in rule birch_cluster_arg_Covid in line 114 of /home/zhaowany/INCAS/collective_narrative_shift/scripts/Snakefile:
Job Missing files after 5 seconds. This might be due to filesystem latency. If that is the case, consider to increase the wait time with --latency-wait:
../data/covid/derived/txSRL/birch/arg/2020-01-21_to_2020-01-23.txt completed successfully, but some output files are missing. 17
[Wed Oct  4 12:36:10 2023]
Finished job 14.
1 of 10 steps (10%) done
Shutting down, this might take some time.
Exiting because a job execution failed. Look above for error message
Complete log: .snakemake/log/2023-10-04T123556.407990.snakemake.log
