Building DAG of jobs...
Using shell: /usr/bin/bash
Provided cores: 1 (use --cores to define parallelism)
Rules claiming more threads will be scaled down.
Job stats:
job                                 count    min threads    max threads
--------------------------------  -------  -------------  -------------
all                                     1              1              1
arg_sentBert_embds_Covid                2              1              1
birch_cluster_arg_Covid                 2              1              1
birch_cluster_narr_Covid                1              1              1
map_narrative_w_gold_label_Covid        2              1              1
narrative_sentBert_embds_Covid          1              1              1
total                                   9              1              1

Select jobs to execute...

[Wed Oct  4 06:31:58 2023]
rule map_narrative_w_gold_label_Covid:
    input: ../data/covid/derived/txSRL/aggreated_narrative/2020-01-24_to_2020-01-24, ../data/covid/derived/txSRL/birch/narr/2020-01-24_to_2020-01-24.txt, ../data/covid/derived/txSRL/birch/narr/2020-01-24_to_2020-01-24.txt
    output: ../data/covid/derived/txSRL/birch/gold/2020-01-24_to_2020-01-24.nar
    jobid: 20
    reason: Missing output files: ../data/covid/derived/txSRL/birch/gold/2020-01-24_to_2020-01-24.nar
    wildcards: time_range=2020-01-24_to_2020-01-24
    resources: tmpdir=/tmp

[Wed Oct  4 06:31:59 2023]
Error in rule map_narrative_w_gold_label_Covid:
    jobid: 20
    output: ../data/covid/derived/txSRL/birch/gold/2020-01-24_to_2020-01-24.nar
    shell:
        /home/zhaowany/anaconda3/envs/phase1b/bin/python process_narratives/replace_with_gold_labels.py ../data/covid/derived/txSRL/aggreated_narrative/2020-01-24_to_2020-01-24 ../data/covid/derived/txSRL/birch/narr/2020-01-24_to_2020-01-24.txt ../data/covid/derived/txSRL/birch/narr/2020-01-24_to_2020-01-24.txt ../data/covid/derived/txSRL/birch/gold/2020-01-24_to_2020-01-24.nar
        (one of the commands exited with non-zero exit code; note that snakemake uses bash strict mode!)

Shutting down, this might take some time.
Exiting because a job execution failed. Look above for error message
Complete log: .snakemake/log/2023-10-04T063158.760155.snakemake.log
