Building DAG of jobs...
Using shell: /usr/bin/bash
Provided cores: 4
Rules claiming more threads will be scaled down.
Job stats:
job                               count    min threads    max threads
------------------------------  -------  -------------  -------------
aggregate_narrative_Covid             2              1              1
all                                   1              1              1
narrative_sentBert_embds_Covid        2              1              1
total                                 5              1              1

Select jobs to execute...

[Wed Oct  4 00:09:15 2023]
rule aggregate_narrative_Covid:
    input: ../data/covid/derived/txSRL/clean/covid_2020-01-21.tsv.description, ../data/covid/derived/txSRL/clean/covid_2020-01-22.tsv.description, ../data/covid/derived/txSRL/clean/covid_2020-01-23.tsv.description, ../data/covid/derived/txSRL/clean/covid_2020-01-24.tsv.description
    output: ../data/covid/derived/txSRL/aggreated_narrative/2020-01-21_to_2020-01-23
    jobid: 9
    reason: Missing output files: ../data/covid/derived/txSRL/aggreated_narrative/2020-01-21_to_2020-01-23
    wildcards: time_range=2020-01-21_to_2020-01-23
    resources: tmpdir=/tmp


[Wed Oct  4 00:09:15 2023]
rule aggregate_narrative_Covid:
    input: ../data/covid/derived/txSRL/clean/covid_2020-01-21.tsv.description, ../data/covid/derived/txSRL/clean/covid_2020-01-22.tsv.description, ../data/covid/derived/txSRL/clean/covid_2020-01-23.tsv.description, ../data/covid/derived/txSRL/clean/covid_2020-01-24.tsv.description
    output: ../data/covid/derived/txSRL/aggreated_narrative/2020-01-24_to_2020-01-24
    jobid: 10
    reason: Missing output files: ../data/covid/derived/txSRL/aggreated_narrative/2020-01-24_to_2020-01-24
    wildcards: time_range=2020-01-24_to_2020-01-24
    resources: tmpdir=/tmp

[Wed Oct  4 00:09:15 2023]
Finished job 9.
1 of 5 steps (20%) done
Select jobs to execute...

[Wed Oct  4 00:09:15 2023]
rule narrative_sentBert_embds_Covid:
    input: ../data/covid/derived/txSRL/aggreated_narrative/2020-01-21_to_2020-01-23
    output: ../data/covid/derived/txSRL/sentBert/2020-01-21_to_2020-01-23.embds
    jobid: 11
    reason: Missing output files: ../data/covid/derived/txSRL/sentBert/2020-01-21_to_2020-01-23.embds; Input files updated by another job: ../data/covid/derived/txSRL/aggreated_narrative/2020-01-21_to_2020-01-23
    wildcards: time_range=2020-01-21_to_2020-01-23
    resources: tmpdir=/tmp

[Wed Oct  4 00:09:15 2023]
Finished job 10.
2 of 5 steps (40%) done
Select jobs to execute...

[Wed Oct  4 00:09:15 2023]
rule narrative_sentBert_embds_Covid:
    input: ../data/covid/derived/txSRL/aggreated_narrative/2020-01-24_to_2020-01-24
    output: ../data/covid/derived/txSRL/sentBert/2020-01-24_to_2020-01-24.embds
    jobid: 12
    reason: Missing output files: ../data/covid/derived/txSRL/sentBert/2020-01-24_to_2020-01-24.embds; Input files updated by another job: ../data/covid/derived/txSRL/aggreated_narrative/2020-01-24_to_2020-01-24
    wildcards: time_range=2020-01-24_to_2020-01-24
    resources: tmpdir=/tmp

[Wed Oct  4 00:09:20 2023]
Error in rule narrative_sentBert_embds_Covid:
    jobid: 12
    output: ../data/covid/derived/txSRL/sentBert/2020-01-24_to_2020-01-24.embds
    shell:
        /home/zhaowany/anaconda3/envs/aggregate_narrative/bin/python senBert/get_sentBert_embds_4_narrs.py ../data/covid/derived/txSRL/aggreated_narrative/2020-01-24_to_2020-01-24 ../data/covid/derived/txSRL/sentBert/2020-01-24_to_2020-01-24.embds
        (one of the commands exited with non-zero exit code; note that snakemake uses bash strict mode!)

[Wed Oct  4 00:09:20 2023]
Error in rule narrative_sentBert_embds_Covid:
    jobid: 11
    output: ../data/covid/derived/txSRL/sentBert/2020-01-21_to_2020-01-23.embds
    shell:
        /home/zhaowany/anaconda3/envs/aggregate_narrative/bin/python senBert/get_sentBert_embds_4_narrs.py ../data/covid/derived/txSRL/aggreated_narrative/2020-01-21_to_2020-01-23 ../data/covid/derived/txSRL/sentBert/2020-01-21_to_2020-01-23.embds
        (one of the commands exited with non-zero exit code; note that snakemake uses bash strict mode!)

Shutting down, this might take some time.
Exiting because a job execution failed. Look above for error message
Complete log: .snakemake/log/2023-10-04T000914.986244.snakemake.log
