Building DAG of jobs...
Using shell: /usr/bin/bash
Provided cores: 1 (use --cores to define parallelism)
Rules claiming more threads will be scaled down.
Job stats:
job                                 count    min threads    max threads
--------------------------------  -------  -------------  -------------
aggregate_narrative_Covid               2              1              1
all                                     1              1              1
arg_sentBert_embds_Covid                2              1              1
birch_cluster_arg_Covid                 2              1              1
birch_cluster_narr_Covid                2              1              1
clean_txSRL_Covid                       4              1              1
get_txSRL_description_Covid             4              1              1
map_narrative_w_gold_label_Covid        2              1              1
narrative_sentBert_embds_Covid          2              1              1
total                                  21              1              1

Select jobs to execute...

[Wed Oct  4 12:28:28 2023]
rule get_txSRL_description_Covid:
    input: ../data/covid/raw/sentences/covid_2020-01-24.tsv.trans
    output: ../data/covid/derived/txSRL/covid_2020-01-24.tsv.description
    jobid: 4
    reason: Missing output files: ../data/covid/derived/txSRL/covid_2020-01-24.tsv.description; Set of input files has changed since last execution
    wildcards: raw_file=covid_2020-01-24.tsv
    resources: tmpdir=/tmp

Terminating processes on user request, this might take some time.
[Wed Oct  4 12:28:38 2023]
Error in rule get_txSRL_description_Covid:
    jobid: 4
    output: ../data/covid/derived/txSRL/covid_2020-01-24.tsv.description
    shell:
        /home/zhaowany/anaconda3/envs/collective_narratives/bin/python tx-srl/run.py ../data/covid/raw/sentences/covid_2020-01-24.tsv.trans ../data/covid/derived/txSRL/covid_2020-01-24.tsv.description
        (one of the commands exited with non-zero exit code; note that snakemake uses bash strict mode!)

Complete log: .snakemake/log/2023-10-04T122827.965885.snakemake.log
