Building DAG of jobs...
Using shell: /usr/bin/bash
Provided cores: 4
Rules claiming more threads will be scaled down.
Job stats:
job                  count    min threads    max threads
-----------------  -------  -------------  -------------
all                      1              1              1
clean_txSRL_Covid        4              1              1
total                    5              1              1

Select jobs to execute...

[Tue Oct  3 23:44:05 2023]
rule clean_txSRL_Covid:
    input: ../data/covid/derived/txSRL/covid_2020-01-23.tsv.description
    output: ../data/covid/derived/txSRL/clean/covid_2020-01-23.tsv.description
    jobid: 7
    reason: Missing output files: ../data/covid/derived/txSRL/clean/covid_2020-01-23.tsv.description
    wildcards: raw_file=covid_2020-01-23.tsv
    resources: tmpdir=/tmp


[Tue Oct  3 23:44:05 2023]
rule clean_txSRL_Covid:
    input: ../data/covid/derived/txSRL/covid_2020-01-24.tsv.description
    output: ../data/covid/derived/txSRL/clean/covid_2020-01-24.tsv.description
    jobid: 8
    reason: Missing output files: ../data/covid/derived/txSRL/clean/covid_2020-01-24.tsv.description
    wildcards: raw_file=covid_2020-01-24.tsv
    resources: tmpdir=/tmp


[Tue Oct  3 23:44:05 2023]
rule clean_txSRL_Covid:
    input: ../data/covid/derived/txSRL/covid_2020-01-21.tsv.description
    output: ../data/covid/derived/txSRL/clean/covid_2020-01-21.tsv.description
    jobid: 5
    reason: Missing output files: ../data/covid/derived/txSRL/clean/covid_2020-01-21.tsv.description
    wildcards: raw_file=covid_2020-01-21.tsv
    resources: tmpdir=/tmp


[Tue Oct  3 23:44:05 2023]
rule clean_txSRL_Covid:
    input: ../data/covid/derived/txSRL/covid_2020-01-22.tsv.description
    output: ../data/covid/derived/txSRL/clean/covid_2020-01-22.tsv.description
    jobid: 6
    reason: Missing output files: ../data/covid/derived/txSRL/clean/covid_2020-01-22.tsv.description
    wildcards: raw_file=covid_2020-01-22.tsv
    resources: tmpdir=/tmp

[Tue Oct  3 23:44:05 2023]
[Tue Oct  3 23:44:05 2023]
Error in rule clean_txSRL_Covid:
    jobid: 5
    output: ../data/covid/derived/txSRL/clean/covid_2020-01-21.tsv.description
    shell:
        /home/zhaowany/anaconda3/envs/collective_narratives/bin/python pb2va/clean_txSRL.py ../data/covid/derived/txSRL/covid_2020-01-21.tsv.description ../data/covid/derived/txSRL/clean/covid_2020-01-21.tsv.description
        (one of the commands exited with non-zero exit code; note that snakemake uses bash strict mode!)

Error in rule clean_txSRL_Covid:
    jobid: 8
    output: ../data/covid/derived/txSRL/clean/covid_2020-01-24.tsv.description
    shell:
        /home/zhaowany/anaconda3/envs/collective_narratives/bin/python pb2va/clean_txSRL.py ../data/covid/derived/txSRL/covid_2020-01-24.tsv.description ../data/covid/derived/txSRL/clean/covid_2020-01-24.tsv.description
        (one of the commands exited with non-zero exit code; note that snakemake uses bash strict mode!)

[Tue Oct  3 23:44:05 2023]
Error in rule clean_txSRL_Covid:
    jobid: 6
    output: ../data/covid/derived/txSRL/clean/covid_2020-01-22.tsv.description
    shell:
        /home/zhaowany/anaconda3/envs/collective_narratives/bin/python pb2va/clean_txSRL.py ../data/covid/derived/txSRL/covid_2020-01-22.tsv.description ../data/covid/derived/txSRL/clean/covid_2020-01-22.tsv.description
        (one of the commands exited with non-zero exit code; note that snakemake uses bash strict mode!)

[Tue Oct  3 23:44:05 2023]
Error in rule clean_txSRL_Covid:
    jobid: 7
    output: ../data/covid/derived/txSRL/clean/covid_2020-01-23.tsv.description
    shell:
        /home/zhaowany/anaconda3/envs/collective_narratives/bin/python pb2va/clean_txSRL.py ../data/covid/derived/txSRL/covid_2020-01-23.tsv.description ../data/covid/derived/txSRL/clean/covid_2020-01-23.tsv.description
        (one of the commands exited with non-zero exit code; note that snakemake uses bash strict mode!)

Shutting down, this might take some time.
Exiting because a job execution failed. Look above for error message
Complete log: .snakemake/log/2023-10-03T234405.139339.snakemake.log
